========================================================

Fort Redirect Request Parameters 
Array
(
    [amount] => 11100
    [currency] => SAR
    [merchant_identifier] => BiZjlLxK
    [access_code] => PFEiLpPP5luIGAsOyoFy
    [merchant_reference] => 1370203908
    [customer_email] => test@payfort.com
    [command] => PURCHASE
    [language] => ar
    [return_url] => http://localhost/Blank-MVC/projects/paymentrespond?r=processResponse
    [signature] => 8939ab294d616d6d2347295ce9d49f3debf77a612ffae3451888dac8da6af652
)


========================================================

Fort Redirect Request Parameters 
Array
(
    [amount] => 5000
    [currency] => SAR
    [merchant_identifier] => BiZjlLxK
    [access_code] => PFEiLpPP5luIGAsOyoFy
    [merchant_reference] => 569835893
    [customer_email] => test@payfort.com
    [command] => PURCHASE
    [language] => ar
    [return_url] => http://localhost/Blank-MVC/projects/paymentrespond?r=processResponse
    [signature] => 3f56c757a05b7008703b2110dbe0f8d44a1178ddae7c9474772bb1848d8f07bb
)


========================================================

Fort Redirect Request Parameters 
Array
(
    [amount] => 5000
    [currency] => SAR
    [merchant_identifier] => BiZjlLxK
    [access_code] => PFEiLpPP5luIGAsOyoFy
    [merchant_reference] => 200832625
    [customer_email] => test@payfort.com
    [command] => PURCHASE
    [language] => ar
    [return_url] => http://localhost/Blank-MVC/projects/paymentrespond?r=processResponse
    [signature] => 044123693d7d022e4ae3c242121f59f96539170ea702acff465493e7c1720f84
)


========================================================

Fort Redirect Request Parameters 
Array
(
    [amount] => 5000
    [currency] => SAR
    [merchant_identifier] => BiZjlLxK
    [access_code] => PFEiLpPP5luIGAsOyoFy
    [merchant_reference] => 1399458085
    [customer_email] => test@payfort.com
    [command] => PURCHASE
    [language] => ar
    [return_url] => http://localhost/Blank-MVC/projects/paymentrespond?r=processResponse
    [signature] => fbef54405a27b1a861230088c669219873b4a4d57eb8391618061cef838d72a8
)


========================================================

Fort Redirect Request Parameters 
Array
(
    [amount] => 10000
    [currency] => SAR
    [merchant_identifier] => BiZjlLxK
    [access_code] => PFEiLpPP5luIGAsOyoFy
    [merchant_reference] => 344520482
    [customer_email] => test@payfort.com
    [command] => PURCHASE
    [language] => ar
    [return_url] => http://localhost/Blank-MVC/projects/paymentrespond?r=processResponse
    [signature] => 0aff3672fff982cf2d98eb1f0f107ec8a04e93875e5f1fb7a26b1fd583068f13
)


========================================================

Fort Redirect Request Parameters 
Array
(
    [amount] => 10000
    [currency] => SAR
    [merchant_identifier] => BiZjlLxK
    [access_code] => PFEiLpPP5luIGAsOyoFy
    [merchant_reference] => 981188733
    [customer_email] => test@payfort.com
    [command] => PURCHASE
    [language] => ar
    [return_url] => http://localhost/Blank-MVC/projects/paymentrespond?r=processResponse
    [signature] => d2cea871ef3c7bdad7139a572b132d0d799dcf403d6f11766318313b209cb52e
)


========================================================

Fort Redirect Request Parameters 
Array
(
    [amount] => 10000
    [currency] => SAR
    [merchant_identifier] => BiZjlLxK
    [access_code] => PFEiLpPP5luIGAsOyoFy
    [merchant_reference] => 1250035625
    [customer_email] => test@payfort.com
    [command] => PURCHASE
    [language] => ar
    [return_url] => http://localhost/Blank-MVC/projects/paymentrespond?r=processResponse
    [signature] => 4cb9fd05ff5943ead74506d1d9f7c438c6216b109e97f9a6e0380dc4852d3113
)


========================================================

Fort Redirect Request Parameters 
Array
(
    [amount] => 11100
    [currency] => SAR
    [merchant_identifier] => BiZjlLxK
    [access_code] => PFEiLpPP5luIGAsOyoFy
    [merchant_reference] => 533874927
    [customer_email] => test@payfort.com
    [command] => PURCHASE
    [language] => ar
    [return_url] => http://localhost/Blank-MVC/projects/paymentrespond?r=processResponse
    [signature] => c4717cee0ba8df49e022dbd89bb1602c3ca1561aec003406cee1806090b7b846
)


========================================================

Fort Redirect Request Parameters 
Array
(
    [amount] => 11100
    [currency] => SAR
    [merchant_identifier] => BiZjlLxK
    [access_code] => PFEiLpPP5luIGAsOyoFy
    [merchant_reference] => 31792050
    [customer_email] => test@payfort.com
    [command] => PURCHASE
    [language] => ar
    [return_url] => http://localhost/Blank-MVC/projects/paymentrespond?r=processResponse
    [signature] => cbce9b43d5e539ac81828994a54a0ef04f7a0a4dfbd1d31e8fa9e16b6bc6ba64
)


